<?xml version="1.0" encoding="UTF-8"?>
<!-- Generated by org.testng.reporters.JUnitReportReporter -->
<testsuite hostname="DESKTOP-5JNDLAG" failures="0" tests="4" name="api_test.UserTests" time="5.024" errors="0" timestamp="2024-12-27T12:37:06 IST" skipped="0">
  <testcase classname="api_test.UserTests" name="Test_Post_A_User" time="3.683"/>
  <testcase classname="api_test.UserTests" name="Test_Get_All_Users" time="0.256"/>
  <testcase classname="api_test.UserTests" name="Test_Update_A_UserDetails" time="0.711"/>
  <testcase classname="api_test.UserTests" name="Test_Deleting_A_UserDetails" time="0.374"/>
</testsuite> <!-- api_test.UserTests -->
